<?xml version="1.0" encoding="UTF-8"?>
<!-- Generated by org.testng.reporters.JUnitReportReporter -->
<testsuite hostname="SHOAS" failures="0" tests="1" name="StepDep.clander_demo" time="16.561" errors="0" timestamp="2023-08-14T20:30:53 CDT" skipped="0">
  <testcase classname="StepDep.clander_demo" name="clan" time="16.561"/>
  <system-out/>
</testsuite> <!-- StepDep.clander_demo -->
