<?xml version="1.0" encoding="UTF-8"?>
<!-- Generated by org.testng.reporters.JUnitReportReporter -->
<testsuite hostname="SHOAS" failures="0" tests="1" name="StepDep.frame_example" time="13.359" errors="0" timestamp="2023-08-14T20:14:02 CDT" skipped="0">
  <testcase classname="StepDep.frame_example" name="fraedemo" time="13.359"/>
  <system-out/>
</testsuite> <!-- StepDep.frame_example -->
