<?xml version="1.0" encoding="UTF-8"?>
<!-- Generated by org.testng.reporters.JUnitReportReporter -->
<testsuite hostname="LAPTOP-KM9QVS2G" failures="0" tests="1" name="Testrunnerr.Testrunnerrr" time="11.220" errors="0" timestamp="2024-03-01T22:45:34 EST" skipped="0">
  <testcase classname="Testrunnerr.Testrunnerrr" name="feature" time="11.220"/>
</testsuite> <!-- Testrunnerr.Testrunnerrr -->
